<?xml version="1.0" encoding="UTF-8"?>
<testng-results ignored="0" total="1" passed="1" failed="0" skipped="0">
  <reporter-output>
  </reporter-output>
  <suite started-at="2024-09-14T14:08:01 IST" name="Default suite" finished-at="2024-09-14T14:08:07 IST" duration-ms="6119">
    <groups>
    </groups>
    <test started-at="2024-09-14T14:08:01 IST" name="Default test" finished-at="2024-09-14T14:08:07 IST" duration-ms="6119">
      <class name="javaPackage.FacebookLogin">
        <test-method signature="login()[pri:0, instance:javaPackage.FacebookLogin@2b48a640]" started-at="2024-09-14T14:08:01 IST" name="login" finished-at="2024-09-14T14:08:07 IST" duration-ms="6089" status="PASS">
          <reporter-output>
          </reporter-output>
        </test-method> <!-- login -->
      </class> <!-- javaPackage.FacebookLogin -->
    </test> <!-- Default test -->
  </suite> <!-- Default suite -->
</testng-results>
